c:\users\david\source\repos\battleship\x64\debug\vc142.pdb
c:\users\david\source\repos\battleship\x64\debug\vc142.idb
c:\users\david\source\repos\battleship\x64\debug\texture.obj
c:\users\david\source\repos\battleship\x64\debug\square.obj
c:\users\david\source\repos\battleship\x64\debug\ship.obj
c:\users\david\source\repos\battleship\x64\debug\renderer.obj
c:\users\david\source\repos\battleship\x64\debug\radarboard.obj
c:\users\david\source\repos\battleship\x64\debug\playerboard.obj
c:\users\david\source\repos\battleship\x64\debug\player.obj
c:\users\david\source\repos\battleship\x64\debug\main.obj
c:\users\david\source\repos\battleship\x64\debug\board.obj
c:\users\david\source\repos\battleship\x64\debug\battleship.exe
c:\users\david\source\repos\battleship\x64\debug\battleship.ilk
c:\users\david\source\repos\battleship\x64\debug\battleship.pdb
c:\users\david\source\repos\battleship\x64\debug\battleship.tlog\cl.command.1.tlog
c:\users\david\source\repos\battleship\x64\debug\battleship.tlog\cl.read.1.tlog
c:\users\david\source\repos\battleship\x64\debug\battleship.tlog\cl.write.1.tlog
c:\users\david\source\repos\battleship\x64\debug\battleship.tlog\link.command.1.tlog
c:\users\david\source\repos\battleship\x64\debug\battleship.tlog\link.read.1.tlog
c:\users\david\source\repos\battleship\x64\debug\battleship.tlog\link.write.1.tlog
